{"/home/madkoding/proyectos/nerv-clock/tests/clock-logic.js": {"path":"/home/madkoding/proyectos/nerv-clock/tests/clock-logic.js","all":false,"statementMap":{"0":{"start":{"line":1,"column":0},"end":{"line":1,"column":26}},"1":{"start":{"line":2,"column":0},"end":{"line":2,"column":43}},"2":{"start":{"line":3,"column":0},"end":{"line":3,"column":1}},"4":{"start":{"line":5,"column":0},"end":{"line":5,"column":24}},"5":{"start":{"line":6,"column":0},"end":{"line":6,"column":19}},"6":{"start":{"line":7,"column":0},"end":{"line":7,"column":29}},"7":{"start":{"line":8,"column":0},"end":{"line":8,"column":65}},"8":{"start":{"line":9,"column":0},"end":{"line":9,"column":39}},"9":{"start":{"line":10,"column":0},"end":{"line":10,"column":54}},"10":{"start":{"line":11,"column":0},"end":{"line":11,"column":51}},"11":{"start":{"line":12,"column":0},"end":{"line":12,"column":30}},"12":{"start":{"line":13,"column":0},"end":{"line":13,"column":32}},"13":{"start":{"line":14,"column":0},"end":{"line":14,"column":31}},"14":{"start":{"line":15,"column":0},"end":{"line":15,"column":29}},"15":{"start":{"line":16,"column":0},"end":{"line":16,"column":5}},"17":{"start":{"line":18,"column":0},"end":{"line":18,"column":19}},"18":{"start":{"line":19,"column":0},"end":{"line":19,"column":56}},"19":{"start":{"line":20,"column":0},"end":{"line":20,"column":43}},"20":{"start":{"line":21,"column":0},"end":{"line":21,"column":33}},"21":{"start":{"line":22,"column":0},"end":{"line":22,"column":45}},"22":{"start":{"line":23,"column":0},"end":{"line":23,"column":13}},"23":{"start":{"line":24,"column":0},"end":{"line":24,"column":19}},"24":{"start":{"line":25,"column":0},"end":{"line":25,"column":9}},"26":{"start":{"line":27,"column":0},"end":{"line":27,"column":54}},"27":{"start":{"line":28,"column":0},"end":{"line":28,"column":78}},"28":{"start":{"line":29,"column":0},"end":{"line":29,"column":83}},"29":{"start":{"line":30,"column":0},"end":{"line":30,"column":55}},"30":{"start":{"line":31,"column":0},"end":{"line":31,"column":36}},"31":{"start":{"line":32,"column":0},"end":{"line":32,"column":34}},"32":{"start":{"line":33,"column":0},"end":{"line":33,"column":19}},"33":{"start":{"line":34,"column":0},"end":{"line":34,"column":9}},"35":{"start":{"line":36,"column":0},"end":{"line":36,"column":25}},"36":{"start":{"line":37,"column":0},"end":{"line":37,"column":30}},"37":{"start":{"line":38,"column":0},"end":{"line":38,"column":32}},"39":{"start":{"line":40,"column":0},"end":{"line":40,"column":32}},"40":{"start":{"line":41,"column":0},"end":{"line":41,"column":35}},"41":{"start":{"line":42,"column":0},"end":{"line":42,"column":37}},"42":{"start":{"line":43,"column":0},"end":{"line":43,"column":43}},"43":{"start":{"line":44,"column":0},"end":{"line":44,"column":58}},"44":{"start":{"line":45,"column":0},"end":{"line":45,"column":55}},"45":{"start":{"line":46,"column":0},"end":{"line":46,"column":9}},"46":{"start":{"line":47,"column":0},"end":{"line":47,"column":5}},"48":{"start":{"line":49,"column":0},"end":{"line":49,"column":27}},"49":{"start":{"line":50,"column":0},"end":{"line":50,"column":33}},"50":{"start":{"line":51,"column":0},"end":{"line":51,"column":32}},"51":{"start":{"line":52,"column":0},"end":{"line":52,"column":38}},"52":{"start":{"line":53,"column":0},"end":{"line":53,"column":20}},"53":{"start":{"line":54,"column":0},"end":{"line":54,"column":37}},"54":{"start":{"line":55,"column":0},"end":{"line":55,"column":13}},"55":{"start":{"line":56,"column":0},"end":{"line":56,"column":16}},"56":{"start":{"line":57,"column":0},"end":{"line":57,"column":34}},"57":{"start":{"line":58,"column":0},"end":{"line":58,"column":9}},"58":{"start":{"line":59,"column":0},"end":{"line":59,"column":5}},"59":{"start":{"line":60,"column":0},"end":{"line":60,"column":1}}},"s":{"0":1,"1":6,"2":6,"4":1,"5":1,"6":17,"7":17,"8":17,"9":17,"10":17,"11":17,"12":17,"13":17,"14":17,"15":17,"17":1,"18":12,"19":0,"20":0,"21":0,"22":0,"23":0,"24":0,"26":12,"27":1,"28":1,"29":1,"30":1,"31":1,"32":1,"33":1,"35":11,"36":11,"37":11,"39":12,"40":7,"41":12,"42":4,"43":4,"44":4,"45":4,"46":12,"48":1,"49":3,"50":2,"51":1,"52":1,"53":1,"54":1,"55":3,"56":1,"57":1,"58":3,"59":1},"branchMap":{"0":{"type":"branch","line":1,"loc":{"start":{"line":1,"column":7},"end":{"line":3,"column":1}},"locations":[{"start":{"line":1,"column":7},"end":{"line":3,"column":1}}]},"1":{"type":"branch","line":6,"loc":{"start":{"line":6,"column":4},"end":{"line":16,"column":5}},"locations":[{"start":{"line":6,"column":4},"end":{"line":16,"column":5}}]},"2":{"type":"branch","line":18,"loc":{"start":{"line":18,"column":4},"end":{"line":47,"column":5}},"locations":[{"start":{"line":18,"column":4},"end":{"line":47,"column":5}}]},"3":{"type":"branch","line":19,"loc":{"start":{"line":19,"column":28},"end":{"line":19,"column":53}},"locations":[{"start":{"line":19,"column":28},"end":{"line":19,"column":53}}]},"4":{"type":"branch","line":19,"loc":{"start":{"line":19,"column":55},"end":{"line":25,"column":9}},"locations":[{"start":{"line":19,"column":55},"end":{"line":25,"column":9}}]},"5":{"type":"branch","line":27,"loc":{"start":{"line":27,"column":28},"end":{"line":27,"column":51}},"locations":[{"start":{"line":27,"column":28},"end":{"line":27,"column":51}}]},"6":{"type":"branch","line":27,"loc":{"start":{"line":27,"column":53},"end":{"line":34,"column":9}},"locations":[{"start":{"line":27,"column":53},"end":{"line":34,"column":9}}]},"7":{"type":"branch","line":34,"loc":{"start":{"line":34,"column":8},"end":{"line":40,"column":31}},"locations":[{"start":{"line":34,"column":8},"end":{"line":40,"column":31}}]},"8":{"type":"branch","line":40,"loc":{"start":{"line":40,"column":31},"end":{"line":42,"column":9}},"locations":[{"start":{"line":40,"column":31},"end":{"line":42,"column":9}}]},"9":{"type":"branch","line":42,"loc":{"start":{"line":42,"column":9},"end":{"line":46,"column":9}},"locations":[{"start":{"line":42,"column":9},"end":{"line":46,"column":9}}]},"10":{"type":"branch","line":49,"loc":{"start":{"line":49,"column":4},"end":{"line":59,"column":5}},"locations":[{"start":{"line":49,"column":4},"end":{"line":59,"column":5}}]},"11":{"type":"branch","line":50,"loc":{"start":{"line":50,"column":32},"end":{"line":56,"column":9}},"locations":[{"start":{"line":50,"column":32},"end":{"line":56,"column":9}}]},"12":{"type":"branch","line":51,"loc":{"start":{"line":51,"column":31},"end":{"line":55,"column":13}},"locations":[{"start":{"line":51,"column":31},"end":{"line":55,"column":13}}]},"13":{"type":"branch","line":56,"loc":{"start":{"line":56,"column":9},"end":{"line":58,"column":9}},"locations":[{"start":{"line":56,"column":9},"end":{"line":58,"column":9}}]}},"b":{"0":[6],"1":[17],"2":[12],"3":[0],"4":[0],"5":[5],"6":[1],"7":[11],"8":[7],"9":[4],"10":[3],"11":[2],"12":[1],"13":[1]},"fnMap":{"0":{"name":"pad","decl":{"start":{"line":1,"column":7},"end":{"line":3,"column":1}},"loc":{"start":{"line":1,"column":7},"end":{"line":3,"column":1}},"line":1},"1":{"name":"NervClock","decl":{"start":{"line":6,"column":4},"end":{"line":16,"column":5}},"loc":{"start":{"line":6,"column":4},"end":{"line":16,"column":5}},"line":6},"2":{"name":"setMode","decl":{"start":{"line":18,"column":4},"end":{"line":47,"column":5}},"loc":{"start":{"line":18,"column":4},"end":{"line":47,"column":5}},"line":18},"3":{"name":"handleButton","decl":{"start":{"line":49,"column":4},"end":{"line":59,"column":5}},"loc":{"start":{"line":49,"column":4},"end":{"line":59,"column":5}},"line":49}},"f":{"0":6,"1":17,"2":12,"3":3}}
}
